Determining if the C compiler works failed with the following output:
Change Dir: C:/Users/zagor/CLionProjects/Αναζητώντας Εξωγήινη Νοημοσύνη/cmake-build-debug/CMakeFiles/CMakeTmp

Run Build Command:"C:/mingw-64/bin/mingw32-make.exe" "cmTC_233b0/fast"
C:/mingw-64/bin/mingw32-make.exe -f CMakeFiles\cmTC_233b0.dir\build.make CMakeFiles/cmTC_233b0.dir/build
mingw32-make.exe[1]: Entering directory 'C:/Users/zagor/CLionProjects/┴ΊάόύΪ■ΊΪά≥ ┼Ό∙ή▐ώΊύ ═ΎύΉΎ≤²Ίύ/cmake-build-debug/CMakeFiles/CMakeTmp'
Building C object CMakeFiles/cmTC_233b0.dir/testCCompiler.c.obj
C:\mingw-64\bin\gcc.exe    -o CMakeFiles\cmTC_233b0.dir\testCCompiler.c.obj   -c "C:\Users\zagor\CLionProjects\╬Σ╬╜╬▒╬╢╬╖╧Ε╧Ο╬╜╧Ε╬▒╧Γ ╬Χ╬╛╧Κ╬│╬χ╬╣╬╜╬╖ ╬ζ╬┐╬╖╬╝╬┐╧Δ╧Ξ╬╜╬╖\cmake-build-debug\CMakeFiles\CMakeTmp\testCCompiler.c"
gcc.exe: error: C:\Users\zagor\CLionProjects\╬Σ╬╜╬▒╬╢╬╖╧Ε╧Ο╬╜╧Ε╬▒╧Γ ╬Χ╬╛╧Κ╬│╬χ╬╣╬╜╬╖ ╬ζ╬┐╬╖╬╝╬┐╧Δ╧Ξ╬╜╬╖\cmake-build-debug\CMakeFiles\CMakeTmp\testCCompiler.c: No such file or directory
gcc.exe: fatal error: no input files
compilation terminated.
CMakeFiles\cmTC_233b0.dir\build.make:64: recipe for target 'CMakeFiles/cmTC_233b0.dir/testCCompiler.c.obj' failed
mingw32-make.exe[1]: *** [CMakeFiles/cmTC_233b0.dir/testCCompiler.c.obj] Error 1
mingw32-make.exe[1]: Leaving directory 'C:/Users/zagor/CLionProjects/┴ΊάόύΪ■ΊΪά≥ ┼Ό∙ή▐ώΊύ ═ΎύΉΎ≤²Ίύ/cmake-build-debug/CMakeFiles/CMakeTmp'
Makefile:120: recipe for target 'cmTC_233b0/fast' failed
mingw32-make.exe: *** [cmTC_233b0/fast] Error 2


Determining if the C compiler works failed with the following output:
Change Dir: C:/Users/zagor/CLionProjects/Αναζητώντας Εξωγήινη Νοημοσύνη/cmake-build-debug/CMakeFiles/CMakeTmp

Run Build Command:"C:/mingw-64/bin/mingw32-make.exe" "cmTC_6107c/fast"
C:/mingw-64/bin/mingw32-make.exe -f CMakeFiles\cmTC_6107c.dir\build.make CMakeFiles/cmTC_6107c.dir/build
mingw32-make.exe[1]: Entering directory 'C:/Users/zagor/CLionProjects/┴ΊάόύΪ■ΊΪά≥ ┼Ό∙ή▐ώΊύ ═ΎύΉΎ≤²Ίύ/cmake-build-debug/CMakeFiles/CMakeTmp'
Building C object CMakeFiles/cmTC_6107c.dir/testCCompiler.c.obj
C:\mingw-64\bin\gcc.exe    -o CMakeFiles\cmTC_6107c.dir\testCCompiler.c.obj   -c "C:\Users\zagor\CLionProjects\╬Σ╬╜╬▒╬╢╬╖╧Ε╧Ο╬╜╧Ε╬▒╧Γ ╬Χ╬╛╧Κ╬│╬χ╬╣╬╜╬╖ ╬ζ╬┐╬╖╬╝╬┐╧Δ╧Ξ╬╜╬╖\cmake-build-debug\CMakeFiles\CMakeTmp\testCCompiler.c"
gcc.exe: error: C:\Users\zagor\CLionProjects\╬Σ╬╜╬▒╬╢╬╖╧Ε╧Ο╬╜╧Ε╬▒╧Γ ╬Χ╬╛╧Κ╬│╬χ╬╣╬╜╬╖ ╬ζ╬┐╬╖╬╝╬┐╧Δ╧Ξ╬╜╬╖\cmake-build-debug\CMakeFiles\CMakeTmp\testCCompiler.c: No such file or directory
gcc.exe: fatal error: no input files
compilation terminated.
CMakeFiles\cmTC_6107c.dir\build.make:64: recipe for target 'CMakeFiles/cmTC_6107c.dir/testCCompiler.c.obj' failed
mingw32-make.exe[1]: *** [CMakeFiles/cmTC_6107c.dir/testCCompiler.c.obj] Error 1
mingw32-make.exe[1]: Leaving directory 'C:/Users/zagor/CLionProjects/┴ΊάόύΪ■ΊΪά≥ ┼Ό∙ή▐ώΊύ ═ΎύΉΎ≤²Ίύ/cmake-build-debug/CMakeFiles/CMakeTmp'
Makefile:120: recipe for target 'cmTC_6107c/fast' failed
mingw32-make.exe: *** [cmTC_6107c/fast] Error 2


